<?xml version="1.0" encoding="UTF-8"?>
<testng-results skipped="0" failed="0" ignored="0" total="2" passed="2">
  <reporter-output>
  </reporter-output>
  <suite name="Default suite" duration-ms="23137" started-at="2020-08-12T08:43:46Z" finished-at="2020-08-12T08:44:09Z">
    <groups>
    </groups>
    <test name="Default test" duration-ms="23137" started-at="2020-08-12T08:43:46Z" finished-at="2020-08-12T08:44:09Z">
      <class name="com.qa.webdriver.LogsGen">
        <test-method status="PASS" signature="setup()[pri:0, instance:com.qa.webdriver.LogsGen@6093dd95]" name="setup" is-config="true" duration-ms="11662" started-at="2020-08-12T08:43:46Z" finished-at="2020-08-12T08:43:57Z">
          <reporter-output>
          </reporter-output>
        </test-method> <!-- setup -->
        <test-method status="PASS" signature="freeCrmTitleTest()[pri:1, instance:com.qa.webdriver.LogsGen@6093dd95]" name="freeCrmTitleTest" duration-ms="24" started-at="2020-08-12T08:43:57Z" finished-at="2020-08-12T08:43:57Z">
          <reporter-output>
          </reporter-output>
        </test-method> <!-- freeCrmTitleTest -->
        <test-method status="PASS" signature="tearDown()[pri:0, instance:com.qa.webdriver.LogsGen@6093dd95]" name="tearDown" is-config="true" duration-ms="775" started-at="2020-08-12T08:43:57Z" finished-at="2020-08-12T08:43:58Z">
          <reporter-output>
          </reporter-output>
        </test-method> <!-- tearDown -->
        <test-method status="PASS" signature="setup()[pri:0, instance:com.qa.webdriver.LogsGen@6093dd95]" name="setup" is-config="true" duration-ms="9496" started-at="2020-08-12T08:43:58Z" finished-at="2020-08-12T08:44:08Z">
          <reporter-output>
          </reporter-output>
        </test-method> <!-- setup -->
        <test-method status="PASS" signature="freemCRMLogoTest()[pri:2, instance:com.qa.webdriver.LogsGen@6093dd95]" name="freemCRMLogoTest" duration-ms="11" started-at="2020-08-12T08:44:08Z" finished-at="2020-08-12T08:44:08Z">
          <reporter-output>
          </reporter-output>
        </test-method> <!-- freemCRMLogoTest -->
        <test-method status="PASS" signature="tearDown()[pri:0, instance:com.qa.webdriver.LogsGen@6093dd95]" name="tearDown" is-config="true" duration-ms="1128" started-at="2020-08-12T08:44:08Z" finished-at="2020-08-12T08:44:09Z">
          <reporter-output>
          </reporter-output>
        </test-method> <!-- tearDown -->
      </class> <!-- com.qa.webdriver.LogsGen -->
    </test> <!-- Default test -->
  </suite> <!-- Default suite -->
</testng-results>
